[2018-08-05 04:54:29] SMS.INFO: Log response {"mobile":"+919090909090","message":"This is sms body"} []
[2018-08-05 05:02:57] SMS.INFO: Custom response ["{\"responseCode\":\"3001\",\"response\":\"1533352201289\"}"] []
[2018-08-05 05:03:52] SMS.INFO: Custom response ["{\"responseCode\":\"3001\",\"response\":\"1533352201293\"}"] []
[2018-08-05 11:40:55] SMS.INFO: Custom response ["{\"response\":\"Token Not Found\",\"responseCode\":\"3009\"}"] []
[2018-08-05 11:43:44] SMS.INFO: Custom response ["{\"responseCode\":\"3001\",\"response\":\"1533352218256\"}"] []
[2018-08-05 11:45:33] SMS.INFO: Custom response ["{\"responseCode\":\"3001\",\"response\":\"1533352218489\"}"] []
[2018-08-05 12:09:02] SMS.INFO: Custom response ["{\"responseCode\":\"3001\",\"response\":\"1533352220087\"}"] []
[2018-08-05 13:04:44] SMS.INFO: Log response {"mobile":"+919090909090,+919090909091","message":"This is test message for Log gateway."} []
[2018-08-05 13:05:26] SMS.INFO: Log response {"mobile":"+919090909090,+919090909091","message":"This is test message for Log gateway."} []
[2018-08-05 13:07:13] SMS.INFO: Custom response ["{\"responseCode\":\"3001\",\"response\":\"1533352225561\"}"] []
[2018-08-05 13:34:49] SMS.INFO: Custom response ["{\"responseCode\":\"3001\",\"response\":\"1533352227545\"}"] []
[2018-08-05 13:42:50] SMS.INFO: Custom response ["{\"responseCode\":\"3001\",\"response\":\"1533352229040\"}"] []
[2018-08-05 13:57:10] SMS.INFO: Custom response ["{\"responseCode\":\"3001\",\"response\":\"1533352232488\"}"] []
[2018-08-05 13:57:58] SMS.INFO: Custom response ["{\"responseCode\":\"3001\",\"response\":\"1533352232681\"}"] []
[2018-08-05 14:21:11] SMS.INFO: Custom response ["{\"responseCode\":\"3001\",\"response\":\"1533352238682\"}"] []
[2018-08-05 14:23:16] SMS.INFO: Custom response ["{\"responseCode\":\"3001\",\"response\":\"1533352238770\"}"] []
[2018-08-05 14:36:54] SMS.INFO: Custom response ["{\"responseCode\":\"3001\",\"response\":\"1533352240742\"}"] []
[2018-08-05 14:41:40] SMS.INFO: Custom response ["{\"responseCode\":\"3001\",\"response\":\"1533352240926\"}"] []
[2018-08-05 14:43:05] SMS.INFO: Custom response ["{\"responseCode\":\"3001\",\"response\":\"1533352241111\"}"] []
[2018-08-05 14:45:15] SMS.INFO: Custom response ["{\"responseCode\":\"3001\",\"response\":\"1533352241216\"}"] []
[2018-08-05 14:45:41] SMS.INFO: Custom response ["{\"responseCode\":\"3001\",\"response\":\"1533352241232\"}"] []
[2018-08-05 14:47:38] SMS.INFO: Custom response ["{\"responseCode\":\"3001\",\"response\":\"1533352241294\"}"] []
[2018-08-05 14:48:36] SMS.ERROR: Custom response {"error":"cURL error 7: Failed to connect to smsmymedia.com port 80: Timed out (see http://curl.haxx.se/libcurl/c/libcurl-errors.html)"} []
[2018-08-05 14:49:08] SMS.INFO: Custom response ["{\"responseCode\":\"3001\",\"response\":\"1533352241356\"}"] []
[2018-08-05 14:49:30] SMS.INFO: Custom response ["{\"responseCode\":\"3001\",\"response\":\"1533352241370\"}"] []
[2018-08-05 14:50:31] SMS.INFO: Custom response ["{\"responseCode\":\"3001\",\"response\":\"1533352241443\"}"] []
[2018-08-05 14:51:21] SMS.INFO: Custom response ["{\"responseCode\":\"3001\",\"response\":\"1533352241478\"}"] []
[2018-08-05 14:51:52] SMS.INFO: Custom response ["{\"responseCode\":\"3001\",\"response\":\"1533352241494\"}"] []
[2018-08-05 14:52:19] SMS.INFO: Custom response ["{\"responseCode\":\"3001\",\"response\":\"1533352241507\"}"] []
[2018-08-05 14:52:44] SMS.INFO: Custom response ["{\"responseCode\":\"3001\",\"response\":\"1533352241528\"}"] []
[2018-08-05 14:52:57] SMS.INFO: Custom response ["{\"responseCode\":\"3001\",\"response\":\"1533352241533\"}"] []
[2018-08-05 14:53:24] SMS.INFO: Custom response ["{\"responseCode\":\"3001\",\"response\":\"1533352241549\"}"] []
[2018-08-05 14:54:03] SMS.INFO: Custom response ["{\"responseCode\":\"3001\",\"response\":\"1533352241573\"}"] []
[2018-08-05 14:54:31] SMS.INFO: Custom response ["{\"responseCode\":\"3001\",\"response\":\"1533352241608\"}"] []
[2018-08-05 14:55:45] SMS.INFO: Custom response ["{\"responseCode\":\"3001\",\"response\":\"1533352241758\"}"] []
[2018-08-05 14:56:31] SMS.INFO: Custom response ["{\"responseCode\":\"3001\",\"response\":\"1533352241808\"}"] []
[2018-08-05 14:57:12] SMS.INFO: Custom response ["{\"responseCode\":\"3001\",\"response\":\"1533352241831\"}"] []
[2018-08-05 14:57:56] SMS.INFO: Custom response ["{\"responseCode\":\"3001\",\"response\":\"1533352241846\"}"] []
[2018-08-05 14:59:55] SMS.INFO: Custom response ["{\"responseCode\":\"3001\",\"response\":\"1533352241979\"}"] []
[2018-08-05 15:00:26] SMS.INFO: Custom response ["{\"responseCode\":\"3001\",\"response\":\"1533352242035\"}"] []
[2018-08-05 15:11:15] SMS.INFO: Custom response ["{\"responseCode\":\"3001\",\"response\":\"1533352242872\"}"] []
[2018-08-05 15:26:34] SMS.INFO: Custom response ["{\"responseCode\":\"3001\",\"response\":\"1533352243430\"}"] []
[2018-08-05 15:33:04] SMS.INFO: Custom response ["{\"responseCode\":\"3001\",\"response\":\"1533352243833\"}"] []
[2018-08-05 15:33:31] SMS.INFO: Custom response ["{\"responseCode\":\"3001\",\"response\":\"1533352243850\"}"] []
[2018-08-05 15:34:55] SMS.INFO: Custom response ["{\"responseCode\":\"3001\",\"response\":\"1533352243915\"}"] []
[2018-08-05 15:35:44] SMS.INFO: Custom response ["{\"responseCode\":\"3001\",\"response\":\"1533352243954\"}"] []
[2018-08-05 15:38:20] SMS.INFO: Custom response ["{\"responseCode\":\"3001\",\"response\":\"1533352244055\"}"] []
[2018-08-05 17:22:42] SMS.INFO: Custom response ["{\"responseCode\":\"3001\",\"response\":\"1533352250063\"}"] []
[2018-08-05 17:23:34] SMS.INFO: Custom response ["{\"responseCode\":\"3001\",\"response\":\"1533352250087\"}"] []
[2018-08-05 17:44:49] SMS.INFO: Custom response ["{\"responseCode\":\"3001\",\"response\":\"1533352251052\"}"] []
